{"clientVersion":"6.5.0","code":"P2010","level":"error","meta":{"code":"1406","message":"Data too long for column 'result' at row 1"},"name":"PrismaClientKnownRequestError","timestamp":"2025-03-28T05:31:31.493Z"}
{"clientVersion":"6.5.0","code":"P2010","level":"error","meta":{"code":"1318","message":"Incorrect number of arguments for PROCEDURE node-shop.stockManager; expected 3, got 2"},"name":"PrismaClientKnownRequestError","timestamp":"2025-03-28T08:31:36.649Z"}
{"clientVersion":"6.5.0","code":"P2010","level":"error","meta":{"code":"1172","message":"Result consisted of more than one row"},"name":"PrismaClientKnownRequestError","timestamp":"2025-03-28T08:33:23.873Z"}
{"clientVersion":"6.5.0","code":"P2010","level":"error","meta":{"code":"3141","message":"Invalid JSON text in argument 1 to function json_array_append: \"The document is empty.\" at position 0."},"name":"PrismaClientKnownRequestError","timestamp":"2025-03-29T06:59:23.701Z"}
{"level":"error","timestamp":"2025-03-29T07:09:03.626Z"}
{"clientVersion":"6.5.0","code":"P2010","level":"error","meta":{"code":"1054","message":"Unknown column 'orderRef' in 'where clause'"},"name":"PrismaClientKnownRequestError","timestamp":"2025-03-29T08:19:33.621Z"}
{"clientVersion":"6.5.0","code":"P2010","level":"error","meta":{"code":"1054","message":"Unknown column 'id' in 'field list'"},"name":"PrismaClientKnownRequestError","timestamp":"2025-03-29T08:40:09.678Z"}
{"clientVersion":"6.5.0","code":"P2010","level":"error","meta":{"code":"1054","message":"Unknown column 'queryRes' in 'field list'"},"name":"PrismaClientKnownRequestError","timestamp":"2025-03-29T08:40:47.563Z"}
{"clientVersion":"6.5.0","code":"P2010","level":"error","meta":{"code":"1050","message":"Table 'queryRes' already exists"},"name":"PrismaClientKnownRequestError","timestamp":"2025-03-29T08:59:27.101Z"}
{"clientVersion":"6.5.0","code":"P2010","level":"error","meta":{"code":"1062","message":"Duplicate entry '11' for key 'reqdata.PRIMARY'"},"name":"PrismaClientKnownRequestError","timestamp":"2025-03-31T12:00:43.327Z"}
{"errorLabelSet":{},"level":"error","reason":{"commonWireVersion":0,"compatible":true,"heartbeatFrequencyMS":10000,"localThresholdMS":15,"logicalSessionTimeoutMinutes":null,"maxElectionId":null,"maxSetVersion":null,"servers":{"localhost:27017":{"$clusterTime":null,"address":"localhost:27017","arbiters":[],"electionId":null,"error":{"beforeHandshake":false,"errorLabelSet":{}},"hosts":[],"iscryptd":false,"lastUpdateTime":8256861,"lastWriteDate":0,"logicalSessionTimeoutMinutes":null,"maxBsonObjectSize":null,"maxMessageSizeBytes":null,"maxWireVersion":0,"maxWriteBatchSize":null,"me":null,"minRoundTripTime":0,"minWireVersion":0,"passives":[],"primary":null,"roundTripTime":-1,"setName":null,"setVersion":null,"tags":{},"topologyVersion":null,"type":"Unknown"}},"setName":null,"stale":false,"type":"Unknown"},"timestamp":"2025-04-12T05:19:03.418Z"}
{"code":13,"codeName":"Unauthorized","errorLabelSet":{},"errorResponse":{"code":13,"codeName":"Unauthorized","errmsg":"Command find requires authentication","ok":0},"level":"error","ok":0,"timestamp":"2025-04-12T06:26:10.094Z"}
{"code":13,"codeName":"Unauthorized","errorLabelSet":{},"errorResponse":{"code":13,"codeName":"Unauthorized","errmsg":"Command find requires authentication","ok":0},"level":"error","ok":0,"timestamp":"2025-04-12T06:29:13.582Z"}
{"code":13,"codeName":"Unauthorized","errorLabelSet":{},"errorResponse":{"code":13,"codeName":"Unauthorized","errmsg":"Command find requires authentication","ok":0},"level":"error","ok":0,"timestamp":"2025-04-12T06:32:06.108Z"}
{"code":13,"codeName":"Unauthorized","errorLabelSet":{},"errorResponse":{"code":13,"codeName":"Unauthorized","errmsg":"Command find requires authentication","ok":0},"level":"error","ok":0,"timestamp":"2025-04-12T06:34:01.446Z"}
{"code":13,"codeName":"Unauthorized","errorLabelSet":{},"errorResponse":{"code":13,"codeName":"Unauthorized","errmsg":"Command find requires authentication","ok":0},"level":"error","ok":0,"timestamp":"2025-04-12T06:35:46.897Z"}
{"code":13,"codeName":"Unauthorized","errorLabelSet":{},"errorResponse":{"code":13,"codeName":"Unauthorized","errmsg":"Command find requires authentication","ok":0},"level":"error","ok":0,"timestamp":"2025-04-12T06:41:14.536Z"}
{"code":13,"codeName":"Unauthorized","errorLabelSet":{},"errorResponse":{"code":13,"codeName":"Unauthorized","errmsg":"Command find requires authentication","ok":0},"level":"error","ok":0,"timestamp":"2025-04-12T08:42:34.936Z"}
{"code":13,"codeName":"Unauthorized","errorLabelSet":{},"errorResponse":{"code":13,"codeName":"Unauthorized","errmsg":"Command find requires authentication","ok":0},"level":"error","ok":0,"timestamp":"2025-04-12T08:43:55.805Z"}
{"code":13,"codeName":"Unauthorized","errorLabelSet":{},"errorResponse":{"code":13,"codeName":"Unauthorized","errmsg":"Command find requires authentication","ok":0},"level":"error","ok":0,"timestamp":"2025-04-12T08:45:08.022Z"}
{"code":13,"codeName":"Unauthorized","errorLabelSet":{},"errorResponse":{"code":13,"codeName":"Unauthorized","errmsg":"Command find requires authentication","ok":0},"level":"error","ok":0,"timestamp":"2025-04-12T08:46:41.956Z"}
{"code":13,"codeName":"Unauthorized","errorLabelSet":{},"errorResponse":{"code":13,"codeName":"Unauthorized","errmsg":"Command find requires authentication","ok":0},"level":"error","ok":0,"timestamp":"2025-04-12T08:47:16.268Z"}
{"code":13,"codeName":"Unauthorized","errorLabelSet":{},"errorResponse":{"code":13,"codeName":"Unauthorized","errmsg":"Command find requires authentication","ok":0},"level":"error","ok":0,"timestamp":"2025-04-12T08:50:08.086Z"}
{"code":13,"codeName":"Unauthorized","errorLabelSet":{},"errorResponse":{"code":13,"codeName":"Unauthorized","errmsg":"Command find requires authentication","ok":0},"level":"error","ok":0,"timestamp":"2025-04-12T08:50:37.382Z"}
{"code":13,"codeName":"Unauthorized","errorLabelSet":{},"errorResponse":{"code":13,"codeName":"Unauthorized","errmsg":"Command find requires authentication","ok":0},"level":"error","ok":0,"timestamp":"2025-04-12T08:57:31.500Z"}
{"code":13,"codeName":"Unauthorized","errorLabelSet":{},"errorResponse":{"code":13,"codeName":"Unauthorized","errmsg":"Command find requires authentication","ok":0},"level":"error","ok":0,"timestamp":"2025-04-12T08:58:02.139Z"}
{"code":13,"codeName":"Unauthorized","errorLabelSet":{},"errorResponse":{"code":13,"codeName":"Unauthorized","errmsg":"Command find requires authentication","ok":0},"level":"error","ok":0,"timestamp":"2025-04-12T09:00:52.134Z"}
{"_message":"Customer validation failed","errors":{"password":{"kind":"minlength","message":"Path `password` (`12345`) is shorter than the minimum allowed length (6).","name":"ValidatorError","path":"password","properties":{"message":"Path `password` (`12345`) is shorter than the minimum allowed length (6).","minlength":6,"path":"password","type":"minlength","value":"12345"},"value":"12345"}},"level":"error","message":"Customer validation failed: password: Path `password` (`12345`) is shorter than the minimum allowed length (6).","name":"ValidationError","timestamp":"2025-04-15T06:23:13.785Z"}
{"level":"error","message":"SyntaxError: Expected double-quoted property name in JSON at position 60\n    at JSON.parse (<anonymous>)\n    at parse (D:\\Projects\\shop\\backend\\node_modules\\body-parser\\lib\\types\\json.js:92:19)\n    at D:\\Projects\\shop\\backend\\node_modules\\body-parser\\lib\\read.js:128:18\n    at AsyncResource.runInAsyncScope (node:async_hooks:206:9)\n    at invokeCallback (D:\\Projects\\shop\\backend\\node_modules\\raw-body\\index.js:238:16)\n    at done (D:\\Projects\\shop\\backend\\node_modules\\raw-body\\index.js:227:7)\n    at IncomingMessage.onEnd (D:\\Projects\\shop\\backend\\node_modules\\raw-body\\index.js:287:7)\n    at IncomingMessage.emit (node:events:519:28)\n    at endReadableNT (node:internal/streams/readable:1696:12)\n    at processTicksAndRejections (node:internal/process/task_queues:82:21)","timestamp":"2025-04-15T07:05:25.616Z"}
{"level":"error","message":"MulterError: Unexpected field\n    at wrappedFileFilter (D:\\Projects\\shop\\backend\\node_modules\\multer\\index.js:40:19)\n    at Busboy.<anonymous> (D:\\Projects\\shop\\backend\\node_modules\\multer\\lib\\make-middleware.js:115:7)\n    at Busboy.emit (node:events:519:28)\n    at Busboy.emit (D:\\Projects\\shop\\backend\\node_modules\\busboy\\lib\\main.js:38:33)\n    at PartStream.<anonymous> (D:\\Projects\\shop\\backend\\node_modules\\busboy\\lib\\types\\multipart.js:213:13)\n    at PartStream.emit (node:events:519:28)\n    at HeaderParser.<anonymous> (D:\\Projects\\shop\\backend\\node_modules\\dicer\\lib\\Dicer.js:51:16)\n    at HeaderParser.emit (node:events:519:28)\n    at HeaderParser._finish (D:\\Projects\\shop\\backend\\node_modules\\dicer\\lib\\HeaderParser.js:68:8)\n    at SBMH.<anonymous> (D:\\Projects\\shop\\backend\\node_modules\\dicer\\lib\\HeaderParser.js:40:12)","timestamp":"2025-04-16T11:24:25.506Z"}
{"level":"error","timestamp":"2025-04-17T05:38:14.032Z"}
{"level":"error","timestamp":"2025-04-17T06:31:04.803Z"}
{"level":"error","timestamp":"2025-04-17T07:01:05.474Z"}
{"level":"error","message":"MulterError: Unexpected field\n    at wrappedFileFilter (D:\\Projects\\shop\\backend\\node_modules\\multer\\index.js:40:19)\n    at Busboy.<anonymous> (D:\\Projects\\shop\\backend\\node_modules\\multer\\lib\\make-middleware.js:115:7)\n    at Busboy.emit (node:events:519:28)\n    at Busboy.emit (D:\\Projects\\shop\\backend\\node_modules\\busboy\\lib\\main.js:38:33)\n    at PartStream.<anonymous> (D:\\Projects\\shop\\backend\\node_modules\\busboy\\lib\\types\\multipart.js:213:13)\n    at PartStream.emit (node:events:519:28)\n    at HeaderParser.<anonymous> (D:\\Projects\\shop\\backend\\node_modules\\dicer\\lib\\Dicer.js:51:16)\n    at HeaderParser.emit (node:events:519:28)\n    at HeaderParser._finish (D:\\Projects\\shop\\backend\\node_modules\\dicer\\lib\\HeaderParser.js:68:8)\n    at SBMH.<anonymous> (D:\\Projects\\shop\\backend\\node_modules\\dicer\\lib\\HeaderParser.js:40:12)","timestamp":"2025-04-17T07:54:55.182Z"}
{"level":"error","message":"MulterError: Unexpected field\n    at wrappedFileFilter (D:\\Projects\\shop\\backend\\node_modules\\multer\\index.js:40:19)\n    at Busboy.<anonymous> (D:\\Projects\\shop\\backend\\node_modules\\multer\\lib\\make-middleware.js:115:7)\n    at Busboy.emit (node:events:519:28)\n    at Busboy.emit (D:\\Projects\\shop\\backend\\node_modules\\busboy\\lib\\main.js:38:33)\n    at PartStream.<anonymous> (D:\\Projects\\shop\\backend\\node_modules\\busboy\\lib\\types\\multipart.js:213:13)\n    at PartStream.emit (node:events:519:28)\n    at HeaderParser.<anonymous> (D:\\Projects\\shop\\backend\\node_modules\\dicer\\lib\\Dicer.js:51:16)\n    at HeaderParser.emit (node:events:519:28)\n    at HeaderParser._finish (D:\\Projects\\shop\\backend\\node_modules\\dicer\\lib\\HeaderParser.js:68:8)\n    at SBMH.<anonymous> (D:\\Projects\\shop\\backend\\node_modules\\dicer\\lib\\HeaderParser.js:40:12)","timestamp":"2025-04-17T08:00:36.847Z"}
{"level":"error","message":"Error: ENOENT: no such file or directory, open 'D:\\Projects\\shop\\backend\\uploads\\1744877066264BP_Flowers.jpg'","timestamp":"2025-04-17T08:04:26.267Z"}
{"level":"error","timestamp":"2025-04-17T11:33:13.713Z"}
{"level":"error","message":"BSONVersionError: Unsupported BSON version, bson types must be from bson 6.x.x\n    at serializeInto (D:\\Projects\\shop\\backend\\node_modules\\bson\\src\\parser\\serializer.ts:901:17)\n    at serializeObject (D:\\Projects\\shop\\backend\\node_modules\\bson\\src\\parser\\serializer.ts:295:20)\n    at serializeInto (D:\\Projects\\shop\\backend\\node_modules\\bson\\src\\parser\\serializer.ts:663:19)\n    at serializeObject (D:\\Projects\\shop\\backend\\node_modules\\bson\\src\\parser\\serializer.ts:295:20)\n    at serializeInto (D:\\Projects\\shop\\backend\\node_modules\\bson\\src\\parser\\serializer.ts:887:19)\n    at Object.serialize (D:\\Projects\\shop\\backend\\node_modules\\bson\\src\\bson.ts:108:30)\n    at OpMsgRequest.serializeBson (D:\\Projects\\shop\\backend\\node_modules\\mongoose\\node_modules\\mongodb\\src\\cmap\\commands.ts:616:17)\n    at OpMsgRequest.makeSections (D:\\Projects\\shop\\backend\\node_modules\\mongoose\\node_modules\\mongodb\\src\\cmap\\commands.ts:576:33)\n    at OpMsgRequest.toBin (D:\\Projects\\shop\\backend\\node_modules\\mongoose\\node_modules\\mongodb\\src\\cmap\\commands.ts:558:25)\n    at Connection.writeCommand (D:\\Projects\\shop\\backend\\node_modules\\mongoose\\node_modules\\mongodb\\src\\cmap\\connection.ts:696:53)","timestamp":"2025-04-17T12:26:32.435Z"}
{"clientVersion":"6.5.0","errorCode":"P1001","level":"error","name":"PrismaClientInitializationError","timestamp":"2025-04-18T07:12:46.772Z"}
{"clientVersion":"6.5.0","errorCode":"P1001","level":"error","name":"PrismaClientInitializationError","timestamp":"2025-04-18T07:14:21.940Z"}
{"level":"error","timestamp":"2025-04-18T07:21:34.011Z"}
{"level":"error","timestamp":"2025-04-18T07:25:02.666Z"}
{"level":"error","timestamp":"2025-04-18T07:27:23.277Z"}
{"level":"error","timestamp":"2025-04-18T07:27:28.054Z"}
{"level":"error","timestamp":"2025-04-18T07:30:10.098Z"}
{"level":"error","timestamp":"2025-04-18T07:31:16.780Z"}
